<?xml version="1.0" encoding="UTF-8"?>
<testng-results total="1" passed="1" failed="0" skipped="0">
  <reporter-output>
  </reporter-output>
  <suite started-at="2023-12-13T19:53:37Z" name="test.LoginTest" finished-at="2023-12-13T19:53:56Z" duration-ms="19076">
    <groups>
    </groups>
    <test started-at="2023-12-13T19:53:37Z" name="Command line test" finished-at="2023-12-13T19:53:56Z" duration-ms="19076">
      <class name="test.LoginTest">
        <test-method signature="validUserShoudBeAbleToLogin()[pri:0, instance:test.LoginTest@43301423]" started-at="2023-12-13T13:53:37Z" name="validUserShoudBeAbleToLogin" finished-at="2023-12-13T13:53:56Z" duration-ms="19045" status="PASS">
          <reporter-output>
          </reporter-output>
        </test-method> <!-- validUserShoudBeAbleToLogin -->
      </class> <!-- test.LoginTest -->
    </test> <!-- Command line test -->
  </suite> <!-- test.LoginTest -->
</testng-results>
