<?xml version="1.0" encoding="UTF-8"?>
<testng-results ignored="0" total="1" passed="1" failed="0" skipped="0">
  <reporter-output>
  </reporter-output>
  <suite started-at="2023-12-22T12:44:52 CST" name="Default suite" finished-at="2023-12-22T12:45:33 CST" duration-ms="41681">
    <groups>
    </groups>
    <test started-at="2023-12-22T12:44:52 CST" name="Default test" finished-at="2023-12-22T12:45:33 CST" duration-ms="41681">
      <class name="test.LoginTest">
        <test-method signature="validUserShoudBeAbleToLogin()[pri:0, instance:test.LoginTest@4baf352a]" started-at="2023-12-22T12:44:52 CST" name="validUserShoudBeAbleToLogin" finished-at="2023-12-22T12:45:33 CST" duration-ms="41571" status="PASS">
          <reporter-output>
          </reporter-output>
        </test-method> <!-- validUserShoudBeAbleToLogin -->
      </class> <!-- test.LoginTest -->
    </test> <!-- Default test -->
  </suite> <!-- Default suite -->
</testng-results>
